[    1729ms] [INFO] [LaunchDarkly] LaunchDarkly client initialized @ https://sportsbook.draftkings.com/assets/vendor.76efba64f3fc423c0533.js:1
[    1730ms] [INFO] [LaunchDarkly] Opening stream connection to https://clientstream.launchdarkly.com/eval/6555fc2e54a4f112d2044d26/eyJraW5kIjoidXNlciIsImtleSI6Imd1ZXN0IiwidXNlcl9hZ2VudCI6Ik1vemlsbGEvNS4wIChNYWNpbnRvc2g7IEludGVsIE1hYyBPUyBYIDEwXzE1XzcpIEFwcGxlV2ViS2l0LzUzNy4zNiAoS0hUTUwsIGxpa2UgR2Vja28pIENocm9tZS8xNDcuMC4wLjAgU2FmYXJpLzUzNy4zNiIsImVudmlyb25tZW50IjoicHJvZHVjdGlvbiIsImlzb19jb2RlIjoiVVMtTkoiLCJzaXRlX2V4cGVyaWVuY2UiOiJVUy1TQiIsImFwcF9lbnZfbmFtZSI6InByb2R1Y3Rpb24iLCJ2aXNpdG9ySWQiOiIxMTE0MjAyNDM2NzMifQ @ https://sportsbook.draftkings.com/assets/vendor.76efba64f3fc423c0533.js:1
[    1736ms] [WARNING] Datadog Browser SDK: SDK is loaded more than once. This is unsupported and might have unexpected behavior. @ https://sportsbook.draftkings.com/assets/vendor.76efba64f3fc423c0533.js:1
[    1739ms] [WARNING] Datadog Browser SDK: SDK is loaded more than once. This is unsupported and might have unexpected behavior. @ https://sportsbook.draftkings.com/assets/vendor.76efba64f3fc423c0533.js:1
[    1857ms] [INFO] [LaunchDarkly] LaunchDarkly client initialized @ https://sportsbook.draftkings.com/assets/vendor.76efba64f3fc423c0533.js:1
[    1857ms] [INFO] [LaunchDarkly] Opening stream connection to https://clientstream.launchdarkly.com/eval/6555fc2e54a4f112d2044d26/eyJraW5kIjoidXNlciIsImtleSI6Imd1ZXN0IiwidXNlcl9hZ2VudCI6Ik1vemlsbGEvNS4wIChNYWNpbnRvc2g7IEludGVsIE1hYyBPUyBYIDEwXzE1XzcpIEFwcGxlV2ViS2l0LzUzNy4zNiAoS0hUTUwsIGxpa2UgR2Vja28pIENocm9tZS8xNDcuMC4wLjAgU2FmYXJpLzUzNy4zNiIsImVudmlyb25tZW50IjoicHJvZHVjdGlvbiIsImlzb19jb2RlIjoiVVMtTkoiLCJzaXRlX2V4cGVyaWVuY2UiOiJVUy1TQiIsImFwcF9lbnZfbmFtZSI6InByb2R1Y3Rpb24iLCJ2aXNpdG9ySWQiOiIxMTE0MjAyNDM2NzMifQ @ https://sportsbook.draftkings.com/assets/vendor.76efba64f3fc423c0533.js:1
[    1869ms] [LOG] [DEBUG:busTools] Published all selections with payload {selections: Array(0), timestamp: 1777063303316, version: 1} @ https://sportsbook.draftkings.com/betslip/2616.4.1/dkBetSlip.js:6
[    2190ms] [WARNING] [LaunchDarkly] The waitForInitialization function was called without a timeout specified. In a future version a default timeout will be applied. @ https://sportsbook.draftkings.com/social-assets/app.js:1
[    2207ms] [INFO] [LaunchDarkly] LaunchDarkly client initialized @ https://sportsbook.draftkings.com/social-assets/app.js:1
[    2208ms] [INFO] [LaunchDarkly] Opening stream connection to https://clientstream.launchdarkly.com/eval/66167432bc0e030fcf194dbb/eyJrZXkiOiJhbm9ueW1vdXMtdXNlciIsImFub255bW91cyI6dHJ1ZX0 @ https://sportsbook.draftkings.com/social-assets/app.js:1
[    2549ms] [LOG] [irm] currentScript JSHandle@node @ https://form-renderer.trustarc.com/browser/client.js:18
[    2549ms] [LOG] [irm] container JSHandle@node @ https://form-renderer.trustarc.com/browser/client.js:18
[    2550ms] [LOG] [irm] configFormLink https://submit-irm.trustarc.com/services/validation/f01b47da-277b-4111-bbd2-d3c58ff6a01b @ https://form-renderer.trustarc.com/browser/client.js:18
[    2595ms] Uncaught [object Object]
    at error (https://www.googletagmanager.com/gtm.js?id=GTM-MBNM8KL:241:503)
    at f.J (https://www.googletagmanager.com/gtm.js?id=GTM-MBNM8KL:247:124)
    at <anonymous> (https://www.googletagmanager.com/gtm.js?id=GTM-MBNM8KL:245:424)
    at <anonymous> (https://www.googletagmanager.com/gtm.js?id=GTM-MBNM8KL:247:406)
    at onload (https://www.googletagmanager.com/gtm.js?id=GTM-MBNM8KL:248:388)
[    2595ms] Uncaught [object Object]
    at error (https://www.googletagmanager.com/gtm.js?id=GTM-MBNM8KL:241:503)
    at c.l.onerror (https://www.googletagmanager.com/gtm.js?id=GTM-MBNM8KL:250:160)
    at self.onerror (https://consent.trustarc.com/notice?domain=draftkings.com&c=teconsent&js=nj&noticeType=bb&type=true&irmc=irmlink&pn=1&gtm=1&text=true:0:1822)
[    2704ms] [ERROR] Access to XMLHttpRequest at 'https://www.google-analytics.com/j/collect?v=1&_v=j102&a=98666937&t=pageview&_s=1&dl=https%3A%2F%2Fsportsbook.draftkings.com%2Fevent%2Fpit-pirates-%2540-mil-brewers%2F34039677&ul=en-us&dt=DraftKings%20Sportsbook&sr=1512x982&vp=1200x702&_u=QACAAEABAAAAACAAI~&jid=989894800&gjid=1895822179&cid=2035862979.1777061935&tid=UA-28146424-9&_gid=432757315.1777061935&_r=1&_slc=1&gtm=45He64m2n81MBNM8KLv79266576za200zd79266576&cd1=&cd2=%2Fevent%2Fpit-pirates-%2540-mil-brewers%2F34039677%2F&gcs=G1--&gcd=13l3l3l3l5l1&dma=0&tag_exp=0~115938465~115938469~117266400&z=2028783588' from origin 'https://sportsbook.draftkings.com' has been blocked by CORS policy: Response to preflight request doesn't pass access control check: The value of the 'Access-Control-Allow-Origin' header in the response must not be the wildcard '*' when the request's credentials mode is 'include'. The credentials mode of requests initiated by the XMLHttpRequest is controlled by the withCredentials attribute. @ https://sportsbook.draftkings.com/event/pit-pirates-%40-mil-brewers/34039677:0
[    2704ms] [ERROR] Failed to load resource: net::ERR_FAILED @ https://www.google-analytics.com/j/collect?v=1&_v=j102&a=98666937&t=pageview&_s=1&dl=https%3A%2F%2Fsportsbook.draftkings.com%2Fevent%2Fpit-pirates-%2540-mil-brewers%2F34039677&ul=en-us&dt=DraftKings%20Sportsbook&sr=1512x982&vp=1200x702&_u=QACAAEABAAAAACAAI~&jid=989894800&gjid=1895822179&cid=2035862979.1777061935&tid=UA-28146424-9&_gid=432757315.1777061935&_r=1&_slc=1&gtm=45He64m2n81MBNM8KLv79266576za200zd79266576&cd1=&cd2=%2Fevent%2Fpit-pirates-%2540-mil-brewers%2F34039677%2F&gcs=G1--&gcd=13l3l3l3l5l1&dma=0&tag_exp=0~115938465~115938469~117266400&z=2028783588:0
[    2704ms] [ERROR] Access to XMLHttpRequest at 'https://www.google-analytics.com/j/collect?v=1&_v=j102&a=98666937&t=pageview&_s=1&dl=https%3A%2F%2Fsportsbook.draftkings.com%2Fevent%2Fpit-pirates-%2540-mil-brewers%2F34039677&ul=en-us&dt=DraftKings%20Sportsbook&sr=1512x982&vp=1200x702&_u=QACAAEABAAAAACAAI~&jid=1829377648&gjid=1284257588&cid=2035862979.1777061935&tid=UA-28146424-14&_gid=432757315.1777061935&_r=1&_slc=1&gtm=45He64m2n81MBNM8KLv79266576za200zd79266576&gcs=G1--&gcd=13l3l3l3l5l1&dma=0&tag_exp=0~115938465~115938469~117266400&z=1185686335' from origin 'https://sportsbook.draftkings.com' has been blocked by CORS policy: Response to preflight request doesn't pass access control check: The value of the 'Access-Control-Allow-Origin' header in the response must not be the wildcard '*' when the request's credentials mode is 'include'. The credentials mode of requests initiated by the XMLHttpRequest is controlled by the withCredentials attribute. @ https://sportsbook.draftkings.com/event/pit-pirates-%40-mil-brewers/34039677:0
[    2704ms] [ERROR] Failed to load resource: net::ERR_FAILED @ https://www.google-analytics.com/j/collect?v=1&_v=j102&a=98666937&t=pageview&_s=1&dl=https%3A%2F%2Fsportsbook.draftkings.com%2Fevent%2Fpit-pirates-%2540-mil-brewers%2F34039677&ul=en-us&dt=DraftKings%20Sportsbook&sr=1512x982&vp=1200x702&_u=QACAAEABAAAAACAAI~&jid=1829377648&gjid=1284257588&cid=2035862979.1777061935&tid=UA-28146424-14&_gid=432757315.1777061935&_r=1&_slc=1&gtm=45He64m2n81MBNM8KLv79266576za200zd79266576&gcs=G1--&gcd=13l3l3l3l5l1&dma=0&tag_exp=0~115938465~115938469~117266400&z=1185686335:0
[    2712ms] [LOG] On consent changed! @ :1
[    2714ms] [LOG] After On consent changed! @ :1
[    3009ms] [ERROR] Access to XMLHttpRequest at 'https://sdk-api-v1.singular.net/api/v1/event?custom_user_id=111420243673&current_device_time=1777063304&event_id=74adc216-d22f-4a1e-8621-aeb9501889fb&conversion_event=true&k=SDID&a=draftkings_5711bda2&p=Web&i=com.draftkings.sportsbook&screen_height=982&screen_width=1512&sdk=WebSDK-v1.4.10&singular_instance_id=43e9d0da-b494-4203-98e9-0f7fda713f3c&sdid=a58b2070-853d-437a-8117-bfb62be4b6a4&storage_type=local&timezone=GMT-0400&touchpoint_timestamp=1777061936&u=a58b2070-853d-437a-8117-bfb62be4b6a4&n=__PAGE_VISIT__&is_revenue_event=false&first=false&is_after_conversion_event=false&s=ea28d32a-abe6-4478-a8c6-aea2e513c51f&web_page_url=https%3A%2F%2Fsportsbook.draftkings.com%2Fevent%2Fpit-pirates-%2540-mil-brewers%2F34039677&is_first_visit=false&is_page_refreshed=false&sdid_persist_mode=auto&is_first_page_visit_in_session=true&ecid=a58b2070-853d-437a-8117-bfb62be4b6a4&os=MacOS&lag=0&h=cc980f350bd1dbbf5718c858efc056ba5f64ef02' from origin 'https://sportsbook.draftkings.com' has been blocked by CORS policy: Request header field x-datadog-origin is not allowed by Access-Control-Allow-Headers in preflight response. @ https://sportsbook.draftkings.com/event/pit-pirates-%40-mil-brewers/34039677:0
[    3009ms] [ERROR] Failed to load resource: net::ERR_FAILED @ https://sdk-api-v1.singular.net/api/v1/event?custom_user_id=111420243673&current_device_time=1777063304&event_id=74adc216-d22f-4a1e-8621-aeb9501889fb&conversion_event=true&k=SDID&a=draftkings_5711bda2&p=Web&i=com.draftkings.sportsbook&screen_height=982&screen_width=1512&sdk=WebSDK-v1.4.10&singular_instance_id=43e9d0da-b494-4203-98e9-0f7fda713f3c&sdid=a58b2070-853d-437a-8117-bfb62be4b6a4&storage_type=local&timezone=GMT-0400&touchpoint_timestamp=1777061936&u=a58b2070-853d-437a-8117-bfb62be4b6a4&n=__PAGE_VISIT__&is_revenue_event=false&first=false&is_after_conversion_event=false&s=ea28d32a-abe6-4478-a8c6-aea2e513c51f&web_page_url=https%3A%2F%2Fsportsbook.draftkings.com%2Fevent%2Fpit-pirates-%2540-mil-brewers%2F34039677&is_first_visit=false&is_page_refreshed=false&sdid_persist_mode=auto&is_first_page_visit_in_session=true&ecid=a58b2070-853d-437a-8117-bfb62be4b6a4&os=MacOS&lag=0&h=cc980f350bd1dbbf5718c858efc056ba5f64ef02:0
[    3925ms] [ERROR] Attestation check for Attribution Reporting on https://www.facebook.com failed. @ https://sportsbook.draftkings.com/event/pit-pirates-%40-mil-brewers/34039677:0
[    4216ms] [ERROR] Attestation check for Attribution Reporting on https://www.facebook.com failed. @ https://sportsbook.draftkings.com/event/pit-pirates-%40-mil-brewers/34039677:0
[    7648ms] [LOG] [gpc] globalPrivacyControl not detected within timeout @ https://form-renderer.trustarc.com/browser/client.js:16
[    7648ms] [LOG] [gpc] globalPrivacyControl false @ https://form-renderer.trustarc.com/browser/client.js:16
