[    2862ms] [INFO] [LaunchDarkly] LaunchDarkly client initialized @ https://sportsbook.draftkings.com/assets/vendor.76efba64f3fc423c0533.js:1
[    2862ms] [INFO] [LaunchDarkly] Opening stream connection to https://clientstream.launchdarkly.com/eval/6555fc2e54a4f112d2044d26/eyJraW5kIjoidXNlciIsImtleSI6Imd1ZXN0IiwidXNlcl9hZ2VudCI6Ik1vemlsbGEvNS4wIChNYWNpbnRvc2g7IEludGVsIE1hYyBPUyBYIDEwXzE1XzcpIEFwcGxlV2ViS2l0LzUzNy4zNiAoS0hUTUwsIGxpa2UgR2Vja28pIENocm9tZS8xNDcuMC4wLjAgU2FmYXJpLzUzNy4zNiIsImVudmlyb25tZW50IjoicHJvZHVjdGlvbiIsImlzb19jb2RlIjoiVVMtTkoiLCJzaXRlX2V4cGVyaWVuY2UiOiJVUy1TQiIsImFwcF9lbnZfbmFtZSI6InByb2R1Y3Rpb24iLCJ2aXNpdG9ySWQiOiIxMTE0MjAyNDM2NzMifQ @ https://sportsbook.draftkings.com/assets/vendor.76efba64f3fc423c0533.js:1
[    2886ms] [WARNING] Datadog Browser SDK: SDK is loaded more than once. This is unsupported and might have unexpected behavior. @ https://sportsbook.draftkings.com/assets/vendor.76efba64f3fc423c0533.js:1
[    2890ms] [WARNING] Datadog Browser SDK: SDK is loaded more than once. This is unsupported and might have unexpected behavior. @ https://sportsbook.draftkings.com/assets/vendor.76efba64f3fc423c0533.js:1
[    2901ms] [WARNING] Failed to execute 'write' on 'Document': It isn't possible to write into a document from an asynchronously-loaded external script unless it is explicitly opened. @ https://securepubads.g.doubleclick.net/tag/js/gpt.js:10
[    2903ms] [WARNING] Snowplow: Tracker namespace co already exists. @ https://c.tvpixel.com/js/current/dpm_pixel_min.js?aid=draftkings-57ae3b67-b479-4803-933c-237a8d4ff879:30
[    3044ms] [INFO] [LaunchDarkly] LaunchDarkly client initialized @ https://sportsbook.draftkings.com/assets/vendor.76efba64f3fc423c0533.js:1
[    3044ms] [INFO] [LaunchDarkly] Opening stream connection to https://clientstream.launchdarkly.com/eval/6555fc2e54a4f112d2044d26/eyJraW5kIjoidXNlciIsImtleSI6Imd1ZXN0IiwidXNlcl9hZ2VudCI6Ik1vemlsbGEvNS4wIChNYWNpbnRvc2g7IEludGVsIE1hYyBPUyBYIDEwXzE1XzcpIEFwcGxlV2ViS2l0LzUzNy4zNiAoS0hUTUwsIGxpa2UgR2Vja28pIENocm9tZS8xNDcuMC4wLjAgU2FmYXJpLzUzNy4zNiIsImVudmlyb25tZW50IjoicHJvZHVjdGlvbiIsImlzb19jb2RlIjoiVVMtTkoiLCJzaXRlX2V4cGVyaWVuY2UiOiJVUy1TQiIsImFwcF9lbnZfbmFtZSI6InByb2R1Y3Rpb24iLCJ2aXNpdG9ySWQiOiIxMTE0MjAyNDM2NzMifQ @ https://sportsbook.draftkings.com/assets/vendor.76efba64f3fc423c0533.js:1
[    3055ms] [LOG] [DEBUG:busTools] Published all selections with payload {selections: Array(0), timestamp: 1777061935643, version: 1} @ https://sportsbook.draftkings.com/betslip/2616.4.1/dkBetSlip.js:6
[    3143ms] [ERROR] Attestation check for Attribution Reporting on https://www.facebook.com failed. @ https://sportsbook.draftkings.com/event/det-tigers-%40-cin-reds/34039545?category=all-odds&subcategory=pitcher-props:0
[    3143ms] [ERROR] Attestation check for Attribution Reporting on https://www.facebook.com failed. @ https://sportsbook.draftkings.com/event/det-tigers-%40-cin-reds/34039545?category=all-odds&subcategory=pitcher-props:0
[    3377ms] [WARNING] Snowplow: Tracker namespace co already exists. @ https://c.tvpixel.com/js/current/dpm_pixel_min.js?aid=draftkings-57ae3b67-b479-4803-933c-237a8d4ff879:30
[    3476ms] [ERROR] Attestation check for Attribution Reporting on https://www.facebook.com failed. @ https://sportsbook.draftkings.com/event/det-tigers-%40-cin-reds/34039545?category=all-odds&subcategory=pitcher-props:0
[    3528ms] [LOG] [irm] currentScript JSHandle@node @ https://form-renderer.trustarc.com/browser/client.js:18
[    3528ms] [LOG] [irm] container JSHandle@node @ https://form-renderer.trustarc.com/browser/client.js:18
[    3528ms] [LOG] [irm] configFormLink https://submit-irm.trustarc.com/services/validation/f01b47da-277b-4111-bbd2-d3c58ff6a01b @ https://form-renderer.trustarc.com/browser/client.js:18
[    3830ms] [WARNING] [LaunchDarkly] The waitForInitialization function was called without a timeout specified. In a future version a default timeout will be applied. @ https://sportsbook.draftkings.com/social-assets/app.js:1
[    3921ms] [LOG] On consent changed! @ :1
[    3924ms] [LOG] After On consent changed! @ :1
[    3935ms] [INFO] [LaunchDarkly] LaunchDarkly client initialized @ https://sportsbook.draftkings.com/social-assets/app.js:1
[    3936ms] [INFO] [LaunchDarkly] Opening stream connection to https://clientstream.launchdarkly.com/eval/66167432bc0e030fcf194dbb/eyJrZXkiOiJhbm9ueW1vdXMtdXNlciIsImFub255bW91cyI6dHJ1ZX0 @ https://sportsbook.draftkings.com/social-assets/app.js:1
[    4246ms] [ERROR] Access to XMLHttpRequest at 'https://sdk-api-v1.singular.net/api/v1/event?custom_user_id=111420243673&current_device_time=1777061936&event_id=9e58c696-a224-4a7c-8df7-c58ac605b111&conversion_event=true&k=SDID&a=draftkings_5711bda2&p=Web&i=com.draftkings.sportsbook&screen_height=982&screen_width=1512&sdk=WebSDK-v1.4.10&singular_instance_id=43e9d0da-b494-4203-98e9-0f7fda713f3c&sdid=a58b2070-853d-437a-8117-bfb62be4b6a4&storage_type=local&timezone=GMT-0400&touchpoint_timestamp=1777061936&u=a58b2070-853d-437a-8117-bfb62be4b6a4&n=__PAGE_VISIT__&is_revenue_event=false&first=true&is_after_conversion_event=false&s=ea28d32a-abe6-4478-a8c6-aea2e513c51f&web_page_url=https%3A%2F%2Fsportsbook.draftkings.com%2Fevent%2Fdet-tigers-%2540-cin-reds%2F34039545%3Fcategory%3Dall-odds%26subcategory%3Dpitcher-props&is_first_visit=true&is_page_refreshed=false&sdid_persist_mode=auto&is_first_page_visit_in_session=true&ecid=a58b2070-853d-437a-8117-bfb62be4b6a4&os=MacOS&lag=1&h=76a194222d0f8de13903a3377409269dedd8db22' from origin 'https://sportsbook.draftkings.com' has been blocked by CORS policy: Request header field x-datadog-origin is not allowed by Access-Control-Allow-Headers in preflight response. @ https://sportsbook.draftkings.com/event/det-tigers-%40-cin-reds/34039545?category=all-odds&subcategory=pitcher-props:0
[    4246ms] [ERROR] Failed to load resource: net::ERR_FAILED @ https://sdk-api-v1.singular.net/api/v1/event?custom_user_id=111420243673&current_device_time=1777061936&event_id=9e58c696-a224-4a7c-8df7-c58ac605b111&conversion_event=true&k=SDID&a=draftkings_5711bda2&p=Web&i=com.draftkings.sportsbook&screen_height=982&screen_width=1512&sdk=WebSDK-v1.4.10&singular_instance_id=43e9d0da-b494-4203-98e9-0f7fda713f3c&sdid=a58b2070-853d-437a-8117-bfb62be4b6a4&storage_type=local&timezone=GMT-0400&touchpoint_timestamp=1777061936&u=a58b2070-853d-437a-8117-bfb62be4b6a4&n=__PAGE_VISIT__&is_revenue_event=false&first=true&is_after_conversion_event=false&s=ea28d32a-abe6-4478-a8c6-aea2e513c51f&web_page_url=https%3A%2F%2Fsportsbook.draftkings.com%2Fevent%2Fdet-tigers-%2540-cin-reds%2F34039545%3Fcategory%3Dall-odds%26subcategory%3Dpitcher-props&is_first_visit=true&is_page_refreshed=false&sdid_persist_mode=auto&is_first_page_visit_in_session=true&ecid=a58b2070-853d-437a-8117-bfb62be4b6a4&os=MacOS&lag=1&h=76a194222d0f8de13903a3377409269dedd8db22:0
[    5310ms] [ERROR] Failed to load resource: net::ERR_NAME_NOT_RESOLVED @ https://visitor-betweenx.omnitagjs.com/visitor/bsync?uid=cd6403e2c067b584fecdd6a3847819bf&name=gen01&url=https%3A%2F%2Fads.betweendigital.com%2Fmatch%3Fbidder_id%3D416%26external_user_id%3DPARTNER_USER_ID&visitor=7260eaec-c8ae-5372-8e92-f1dde77921ec&gdpr=0&gdpr_consent=&us_privacy=${GPP_STRING_123}:0
[    5473ms] [ERROR] Attestation check for Attribution Reporting on https://www.facebook.com failed. @ https://sportsbook.draftkings.com/event/det-tigers-%40-cin-reds/34039545?category=all-odds&subcategory=pitcher-props:0
[    8548ms] [LOG] [gpc] globalPrivacyControl not detected within timeout @ https://form-renderer.trustarc.com/browser/client.js:16
[    8548ms] [LOG] [gpc] globalPrivacyControl false @ https://form-renderer.trustarc.com/browser/client.js:16
[  107421ms] [ERROR] Attestation check for Attribution Reporting on https://www.facebook.com failed. @ https://sportsbook.draftkings.com/event/det-tigers-%40-cin-reds/34039545?category=all-odds&subcategory=pitcher-props:0
[  107430ms] [ERROR] Attestation check for Attribution Reporting on https://www.facebook.com failed. @ https://sportsbook.draftkings.com/event/det-tigers-%40-cin-reds/34039545?category=all-odds&subcategory=pitcher-props:0
[  148782ms] [ERROR] Attestation check for Attribution Reporting on https://www.facebook.com failed. @ https://sportsbook.draftkings.com/event/det-tigers-%40-cin-reds/34039545?category=all-odds&subcategory=pitcher-props:0
