[     617ms] [INFO] [LaunchDarkly] LaunchDarkly client initialized @ https://sportsbook.draftkings.com/assets/vendor.76efba64f3fc423c0533.js:1
[     617ms] [INFO] [LaunchDarkly] Opening stream connection to https://clientstream.launchdarkly.com/eval/6555fc2e54a4f112d2044d26/eyJraW5kIjoidXNlciIsImtleSI6Imd1ZXN0IiwidXNlcl9hZ2VudCI6Ik1vemlsbGEvNS4wIChNYWNpbnRvc2g7IEludGVsIE1hYyBPUyBYIDEwXzE1XzcpIEFwcGxlV2ViS2l0LzUzNy4zNiAoS0hUTUwsIGxpa2UgR2Vja28pIENocm9tZS8xNDcuMC4wLjAgU2FmYXJpLzUzNy4zNiIsImVudmlyb25tZW50IjoicHJvZHVjdGlvbiIsImlzb19jb2RlIjoiVVMtUEEiLCJzaXRlX2V4cGVyaWVuY2UiOiJVUy1QQS1TQiIsImFwcF9lbnZfbmFtZSI6InByb2R1Y3Rpb24iLCJ2aXNpdG9ySWQiOiIxMTE0MjAyNDM2NzMifQ @ https://sportsbook.draftkings.com/assets/vendor.76efba64f3fc423c0533.js:1
[     625ms] [WARNING] Datadog Browser SDK: SDK is loaded more than once. This is unsupported and might have unexpected behavior. @ https://sportsbook.draftkings.com/assets/vendor.76efba64f3fc423c0533.js:1
[     627ms] [WARNING] Datadog Browser SDK: SDK is loaded more than once. This is unsupported and might have unexpected behavior. @ https://sportsbook.draftkings.com/assets/vendor.76efba64f3fc423c0533.js:1
[     694ms] [INFO] [LaunchDarkly] LaunchDarkly client initialized @ https://sportsbook.draftkings.com/assets/vendor.76efba64f3fc423c0533.js:1
[     694ms] [INFO] [LaunchDarkly] Opening stream connection to https://clientstream.launchdarkly.com/eval/6555fc2e54a4f112d2044d26/eyJraW5kIjoidXNlciIsImtleSI6Imd1ZXN0IiwidXNlcl9hZ2VudCI6Ik1vemlsbGEvNS4wIChNYWNpbnRvc2g7IEludGVsIE1hYyBPUyBYIDEwXzE1XzcpIEFwcGxlV2ViS2l0LzUzNy4zNiAoS0hUTUwsIGxpa2UgR2Vja28pIENocm9tZS8xNDcuMC4wLjAgU2FmYXJpLzUzNy4zNiIsImVudmlyb25tZW50IjoicHJvZHVjdGlvbiIsImlzb19jb2RlIjoiVVMtUEEiLCJzaXRlX2V4cGVyaWVuY2UiOiJVUy1QQS1TQiIsImFwcF9lbnZfbmFtZSI6InByb2R1Y3Rpb24iLCJ2aXNpdG9ySWQiOiIxMTE0MjAyNDM2NzMifQ @ https://sportsbook.draftkings.com/assets/vendor.76efba64f3fc423c0533.js:1
[     712ms] [LOG] [DEBUG:busTools] Published all selections with payload {selections: Array(0), timestamp: 1777084001417, version: 1} @ https://sportsbook.draftkings.com/betslip/2616.4.1/dkBetSlip.js:6
[     779ms] [WARNING] [LaunchDarkly] The waitForInitialization function was called without a timeout specified. In a future version a default timeout will be applied. @ https://sportsbook.draftkings.com/social-assets/app.js:1
[     792ms] [INFO] [LaunchDarkly] LaunchDarkly client initialized @ https://sportsbook.draftkings.com/social-assets/app.js:1
[     793ms] [INFO] [LaunchDarkly] Opening stream connection to https://clientstream.launchdarkly.com/eval/66167432bc0e030fcf194dbb/eyJrZXkiOiJhbm9ueW1vdXMtdXNlciIsImFub255bW91cyI6dHJ1ZX0 @ https://sportsbook.draftkings.com/social-assets/app.js:1
[     902ms] [WARNING] Snowplow: Tracker namespace co already exists. @ https://c.tvpixel.com/js/current/dpm_pixel_min.js?aid=draftkings-57ae3b67-b479-4803-933c-237a8d4ff879:30
[     927ms] [LOG] [irm] currentScript JSHandle@node @ https://form-renderer.trustarc.com/browser/client.js:18
[     927ms] [LOG] [irm] container JSHandle@node @ https://form-renderer.trustarc.com/browser/client.js:18
[     927ms] [LOG] [irm] configFormLink https://submit-irm.trustarc.com/services/validation/f01b47da-277b-4111-bbd2-d3c58ff6a01b @ https://form-renderer.trustarc.com/browser/client.js:18
[    1082ms] Uncaught [object Object]
    at error (https://www.googletagmanager.com/gtm.js?id=GTM-MBNM8KL:241:503)
    at f.J (https://www.googletagmanager.com/gtm.js?id=GTM-MBNM8KL:247:124)
    at <anonymous> (https://www.googletagmanager.com/gtm.js?id=GTM-MBNM8KL:245:424)
    at <anonymous> (https://www.googletagmanager.com/gtm.js?id=GTM-MBNM8KL:247:406)
    at onload (https://www.googletagmanager.com/gtm.js?id=GTM-MBNM8KL:248:388)
[    1082ms] Uncaught [object Object]
    at error (https://www.googletagmanager.com/gtm.js?id=GTM-MBNM8KL:241:503)
    at c.l.onerror (https://www.googletagmanager.com/gtm.js?id=GTM-MBNM8KL:250:160)
    at self.onerror (https://consent.trustarc.com/notice?domain=draftkings.com&c=teconsent&js=nj&noticeType=bb&type=true&irmc=irmlink&pn=1&gtm=1&text=true:0:1822)
[    1151ms] [ERROR] Access to XMLHttpRequest at 'https://www.google-analytics.com/j/collect?v=1&_v=j102&a=262551012&t=pageview&_s=1&dl=https%3A%2F%2Fsportsbook.draftkings.com%2Fevent%2Fla-lakers-%252540-hou-rockets%2F34032164%3Fcategory%3Dall-odds%26subcategory%3Dpoints&ul=en-us&dt=LA%20Lakers%20%40%20HOU%20Rockets%20Basketball%20Betting%20Odds%20%26%20Lines%3A%20All%20Odds%20-%20Points%20%7C%20DraftKings%20Sportsbook&sr=1512x982&vp=1200x702&_u=QACAAEABAAAAACAAI~&jid=432642845&gjid=2041058592&cid=2035862979.1777061935&tid=UA-28146424-9&_gid=432757315.1777061935&_r=1&_slc=1&gtm=45He64m2n81MBNM8KLv79266576za200zd79266576&cd1=category%3Dall-odds%26subcategory%3Dpoints&cd2=%2Fevent%2Fla-lakers-%252540-hou-rockets%2F34032164%2F&gcs=G1--&gcd=13l3l3l3l5l1&dma=0&tag_exp=0~115616986~115938466~115938468~117266400~118167059&z=2108054252' from origin 'https://sportsbook.draftkings.com' has been blocked by CORS policy: Response to preflight request doesn't pass access control check: The value of the 'Access-Control-Allow-Origin' header in the response must not be the wildcard '*' when the request's credentials mode is 'include'. The credentials mode of requests initiated by the XMLHttpRequest is controlled by the withCredentials attribute. @ https://sportsbook.draftkings.com/event/la-lakers-%2540-hou-rockets/34032164?category=all-odds&subcategory=points:0
[    1151ms] [ERROR] Failed to load resource: net::ERR_FAILED @ https://www.google-analytics.com/j/collect?v=1&_v=j102&a=262551012&t=pageview&_s=1&dl=https%3A%2F%2Fsportsbook.draftkings.com%2Fevent%2Fla-lakers-%252540-hou-rockets%2F34032164%3Fcategory%3Dall-odds%26subcategory%3Dpoints&ul=en-us&dt=LA%20Lakers%20%40%20HOU%20Rockets%20Basketball%20Betting%20Odds%20%26%20Lines%3A%20All%20Odds%20-%20Points%20%7C%20DraftKings%20Sportsbook&sr=1512x982&vp=1200x702&_u=QACAAEABAAAAACAAI~&jid=432642845&gjid=2041058592&cid=2035862979.1777061935&tid=UA-28146424-9&_gid=432757315.1777061935&_r=1&_slc=1&gtm=45He64m2n81MBNM8KLv79266576za200zd79266576&cd1=category%3Dall-odds%26subcategory%3Dpoints&cd2=%2Fevent%2Fla-lakers-%252540-hou-rockets%2F34032164%2F&gcs=G1--&gcd=13l3l3l3l5l1&dma=0&tag_exp=0~115616986~115938466~115938468~117266400~118167059&z=2108054252:0
[    1151ms] [ERROR] Access to XMLHttpRequest at 'https://www.google-analytics.com/j/collect?v=1&_v=j102&a=262551012&t=pageview&_s=1&dl=https%3A%2F%2Fsportsbook.draftkings.com%2Fevent%2Fla-lakers-%252540-hou-rockets%2F34032164%3Fcategory%3Dall-odds%26subcategory%3Dpoints&ul=en-us&dt=LA%20Lakers%20%40%20HOU%20Rockets%20Basketball%20Betting%20Odds%20%26%20Lines%3A%20All%20Odds%20-%20Points%20%7C%20DraftKings%20Sportsbook&sr=1512x982&vp=1200x702&_u=QACAAEABAAAAACAAI~&jid=1928560554&gjid=513436374&cid=2035862979.1777061935&tid=UA-28146424-14&_gid=432757315.1777061935&_r=1&_slc=1&gtm=45He64m2n81MBNM8KLv79266576za200zd79266576&gcs=G1--&gcd=13l3l3l3l5l1&dma=0&tag_exp=0~115616986~115938466~115938468~117266400~118167059&z=2003017060' from origin 'https://sportsbook.draftkings.com' has been blocked by CORS policy: Response to preflight request doesn't pass access control check: The value of the 'Access-Control-Allow-Origin' header in the response must not be the wildcard '*' when the request's credentials mode is 'include'. The credentials mode of requests initiated by the XMLHttpRequest is controlled by the withCredentials attribute. @ https://sportsbook.draftkings.com/event/la-lakers-%2540-hou-rockets/34032164?category=all-odds&subcategory=points:0
[    1151ms] [ERROR] Failed to load resource: net::ERR_FAILED @ https://www.google-analytics.com/j/collect?v=1&_v=j102&a=262551012&t=pageview&_s=1&dl=https%3A%2F%2Fsportsbook.draftkings.com%2Fevent%2Fla-lakers-%252540-hou-rockets%2F34032164%3Fcategory%3Dall-odds%26subcategory%3Dpoints&ul=en-us&dt=LA%20Lakers%20%40%20HOU%20Rockets%20Basketball%20Betting%20Odds%20%26%20Lines%3A%20All%20Odds%20-%20Points%20%7C%20DraftKings%20Sportsbook&sr=1512x982&vp=1200x702&_u=QACAAEABAAAAACAAI~&jid=1928560554&gjid=513436374&cid=2035862979.1777061935&tid=UA-28146424-14&_gid=432757315.1777061935&_r=1&_slc=1&gtm=45He64m2n81MBNM8KLv79266576za200zd79266576&gcs=G1--&gcd=13l3l3l3l5l1&dma=0&tag_exp=0~115616986~115938466~115938468~117266400~118167059&z=2003017060:0
[    1358ms] [LOG] On consent changed! @ :1
[    1360ms] [LOG] After On consent changed! @ :1
[    1411ms] [ERROR] Access to XMLHttpRequest at 'https://sdk-api-v1.singular.net/api/v1/event?custom_user_id=111420243673&current_device_time=1777084002&event_id=1bea4ac8-fc12-46a8-bef2-90ea0aa9ee92&conversion_event=true&k=SDID&a=draftkings_5711bda2&p=Web&i=com.draftkings.sportsbook&screen_height=982&screen_width=1512&sdk=WebSDK-v1.4.10&singular_instance_id=43e9d0da-b494-4203-98e9-0f7fda713f3c&sdid=a58b2070-853d-437a-8117-bfb62be4b6a4&storage_type=local&timezone=GMT-0400&touchpoint_timestamp=1777061936&u=a58b2070-853d-437a-8117-bfb62be4b6a4&n=__PAGE_VISIT__&is_revenue_event=false&first=false&is_after_conversion_event=false&s=ea28d32a-abe6-4478-a8c6-aea2e513c51f&web_page_url=https%3A%2F%2Fsportsbook.draftkings.com%2Fevent%2Fla-lakers-%252540-hou-rockets%2F34032164%3Fcategory%3Dall-odds%26subcategory%3Dpoints&is_first_visit=false&is_page_refreshed=false&sdid_persist_mode=auto&is_first_page_visit_in_session=true&ecid=a58b2070-853d-437a-8117-bfb62be4b6a4&os=MacOS&lag=0&h=7df35da15644195148acfe97ac224961da5f1336' from origin 'https://sportsbook.draftkings.com' has been blocked by CORS policy: Request header field x-datadog-origin is not allowed by Access-Control-Allow-Headers in preflight response. @ https://sportsbook.draftkings.com/event/la-lakers-%2540-hou-rockets/34032164?category=all-odds&subcategory=points:0
[    1412ms] [ERROR] Failed to load resource: net::ERR_FAILED @ https://sdk-api-v1.singular.net/api/v1/event?custom_user_id=111420243673&current_device_time=1777084002&event_id=1bea4ac8-fc12-46a8-bef2-90ea0aa9ee92&conversion_event=true&k=SDID&a=draftkings_5711bda2&p=Web&i=com.draftkings.sportsbook&screen_height=982&screen_width=1512&sdk=WebSDK-v1.4.10&singular_instance_id=43e9d0da-b494-4203-98e9-0f7fda713f3c&sdid=a58b2070-853d-437a-8117-bfb62be4b6a4&storage_type=local&timezone=GMT-0400&touchpoint_timestamp=1777061936&u=a58b2070-853d-437a-8117-bfb62be4b6a4&n=__PAGE_VISIT__&is_revenue_event=false&first=false&is_after_conversion_event=false&s=ea28d32a-abe6-4478-a8c6-aea2e513c51f&web_page_url=https%3A%2F%2Fsportsbook.draftkings.com%2Fevent%2Fla-lakers-%252540-hou-rockets%2F34032164%3Fcategory%3Dall-odds%26subcategory%3Dpoints&is_first_visit=false&is_page_refreshed=false&sdid_persist_mode=auto&is_first_page_visit_in_session=true&ecid=a58b2070-853d-437a-8117-bfb62be4b6a4&os=MacOS&lag=0&h=7df35da15644195148acfe97ac224961da5f1336:0
[    1414ms] [ERROR] Attestation check for Attribution Reporting on https://www.facebook.com failed. @ https://sportsbook.draftkings.com/event/la-lakers-%2540-hou-rockets/34032164?category=all-odds&subcategory=points:0
[    1415ms] [ERROR] Attestation check for Attribution Reporting on https://www.facebook.com failed. @ https://sportsbook.draftkings.com/event/la-lakers-%2540-hou-rockets/34032164?category=all-odds&subcategory=points:0
[    1815ms] [ERROR] Attestation check for Attribution Reporting on https://www.facebook.com failed. @ https://sportsbook.draftkings.com/event/la-lakers-%2540-hou-rockets/34032164?category=all-odds&subcategory=points:0
[    4033ms] [LOG] [vlmt-page] MessageRouter initialized. @ https://interactiveappsnbalive-vs001.akamaized.net/Live/23b977b8/js/logger.js:4
[    4039ms] [LOG] [vlmt-page] Active content window set: Window @ https://interactiveappsnbalive-vs001.akamaized.net/Live/23b977b8/js/logger.js:4
[    4177ms] [INFO] [vlmt-light][INFO] App version: 1.20.2 @ https://interactiveappsnbalive-vs001.akamaized.net/Live/23b977b8/iframes/vlmt-light/app/vlmt-light.js:0
[    4316ms] [INFO] [vlmt-light][INFO] HandlerExternalInit> Waiting for initialization event... @ https://interactiveappsnbalive-vs001.akamaized.net/Live/23b977b8/iframes/vlmt-light/app/vlmt-light.js:0
[    4319ms] [LOG] [vlmt-page] 'VLMT Light' load. @ https://interactiveappsnbalive-vs001.akamaized.net/Live/23b977b8/js/logger.js:4
[    4320ms] [INFO] [vlmt-light][INFO] HandlerExternalInit> Initialization event received. | data:  InitConfiguration @ https://interactiveappsnbalive-vs001.akamaized.net/Live/23b977b8/iframes/vlmt-light/app/vlmt-light.js:0
[    4321ms] [INFO] [vlmt-light][INFO] StatisticsProcessor> Starting statistics processing @ https://interactiveappsnbalive-vs001.akamaized.net/Live/23b977b8/iframes/vlmt-light/app/vlmt-light.js:0
[    4398ms] [INFO] [vlmt-light][INFO] AppInitializer> Init complete. @ https://interactiveappsnbalive-vs001.akamaized.net/Live/23b977b8/iframes/vlmt-light/app/vlmt-light.js:0
[    4399ms] [LOG] [vlmt-page] [Analytics] VLMT-Light load full duration: 0.4 @ https://interactiveappsnbalive-vs001.akamaized.net/Live/23b977b8/js/logger.js:4
[    4479ms] [INFO] [vlmt-light][INFO] DataStreamReceiver_NATS> Connection open! wss://ws.fn.sportradar.com/wss/vlmt_basketball.spatial.2d.70505162?T=exp=1777177811~acl=/*~data=eyJvIjoiaHR0cHM6Ly9zcG9ydHNib29rLmRyYWZ0a2luZ3MuY29tIiwiYSI6IjBiOWM4YzdkNDlhNThhNjQ0ZGI3OGI3NmI0NTNhNTkzIiwiYWN0Ijoib3JpZ2luY2hlY2siLCJvc3JjIjoib3JpZ2luIn0~hmac=e48edb198b1777a933e86145023341c19fd7a41e5890c389fc8e96f045a2c62d @ https://interactiveappsnbalive-vs001.akamaized.net/Live/23b977b8/iframes/vlmt-light/app/vlmt-light.js:0
[    4654ms] [INFO] [vlmt-light][INFO] StatisticsDataService> Statistics WebSocket connected @ https://interactiveappsnbalive-vs001.akamaized.net/Live/23b977b8/iframes/vlmt-light/app/vlmt-light.js:0
[    5943ms] [LOG] [gpc] globalPrivacyControl not detected within timeout @ https://form-renderer.trustarc.com/browser/client.js:16
[    5943ms] [LOG] [gpc] globalPrivacyControl false @ https://form-renderer.trustarc.com/browser/client.js:16
